<?xml version="1.0" encoding="UTF-8"?>
<testng-results skipped="0" failed="0" ignored="0" total="1" passed="1">
  <reporter-output>
  </reporter-output>
  <suite name="Default suite" duration-ms="33454" started-at="2020-02-09T19:13:42Z" finished-at="2020-02-09T19:14:16Z">
    <groups>
    </groups>
    <test name="Default test" duration-ms="33454" started-at="2020-02-09T19:13:42Z" finished-at="2020-02-09T19:14:16Z">
      <class name="com.example.tests.CT01ValidarLayout">
        <test-method status="PASS" signature="setUp()[pri:0, instance:com.example.tests.CT01ValidarLayout@c038203]" name="setUp" is-config="true" duration-ms="18285" started-at="2020-02-09T19:13:42Z" finished-at="2020-02-09T19:14:01Z">
          <reporter-output>
          </reporter-output>
        </test-method> <!-- setUp -->
        <test-method status="PASS" signature="testCT01ValidarLayout()[pri:0, instance:com.example.tests.CT01ValidarLayout@c038203]" name="testCT01ValidarLayout" duration-ms="14528" started-at="2020-02-09T19:14:01Z" finished-at="2020-02-09T19:14:15Z">
          <reporter-output>
          </reporter-output>
        </test-method> <!-- testCT01ValidarLayout -->
        <test-method status="PASS" signature="tearDown()[pri:0, instance:com.example.tests.CT01ValidarLayout@c038203]" name="tearDown" is-config="true" duration-ms="625" started-at="2020-02-09T19:14:15Z" finished-at="2020-02-09T19:14:16Z">
          <reporter-output>
          </reporter-output>
        </test-method> <!-- tearDown -->
      </class> <!-- com.example.tests.CT01ValidarLayout -->
    </test> <!-- Default test -->
  </suite> <!-- Default suite -->
</testng-results>
